2024-09-15 09:22:50,448 - global - DEBUG - This is a debug message
2024-09-15 09:22:50,448 - global - INFO - This is an info message
2024-09-15 09:22:50,448 - global - WARNING - This is a warning message
2024-09-15 09:22:50,448 - global - ERROR - This is an error message
2024-09-15 09:22:50,448 - global - CRITICAL - This is a critical message
2024-09-15 09:24:01,447 - core - DEBUG - This is a debug message
2024-09-15 09:24:01,447 - core - INFO - This is an info message
2024-09-15 09:24:01,447 - core - WARNING - This is a warning message
2024-09-15 09:24:01,447 - core - ERROR - This is an error message
2024-09-15 09:24:01,447 - core - CRITICAL - This is a critical message
2024-09-15 09:25:30,903 - core - DEBUG - This is a debug message
2024-09-15 09:25:30,904 - core - INFO - This is an info message
2024-09-15 09:25:30,904 - core - WARNING - This is a warning message
2024-09-15 09:25:30,904 - core - ERROR - This is an error message
2024-09-15 09:25:30,904 - core - CRITICAL - This is a critical message
2024-09-15 09:26:02,312 - core - DEBUG - This is a debug message
2024-09-15 09:26:02,312 - core - INFO - This is an info message
2024-09-15 09:26:02,312 - core - WARNING - This is a warning message
2024-09-15 09:26:02,312 - core - ERROR - This is an error message
2024-09-15 09:26:02,312 - core - CRITICAL - This is a critical message
2024-09-15 09:26:02,479 - core - INFO - Initializing product manager
2024-09-15 09:26:02,479 - core - INFO - Fetching product data from SKU 81555
2024-09-15 09:26:17,353 - core - DEBUG - This is a debug message
2024-09-15 09:26:17,353 - core - INFO - This is an info message
2024-09-15 09:26:17,353 - core - WARNING - This is a warning message
2024-09-15 09:26:17,353 - core - ERROR - This is an error message
2024-09-15 09:26:17,353 - core - CRITICAL - This is a critical message
2024-09-15 09:26:17,520 - core - INFO - Initializing product manager
2024-09-15 09:26:17,520 - core - INFO - Fetching product data from SKU 81555
2024-09-15 09:28:17,782 - core - DEBUG - This is a debug message
2024-09-15 09:28:17,783 - core - INFO - This is an info message
2024-09-15 09:28:17,783 - core - WARNING - This is a warning message
2024-09-15 09:28:17,783 - core - ERROR - This is an error message
2024-09-15 09:28:17,783 - core - CRITICAL - This is a critical message
2024-09-15 09:28:17,957 - core - INFO - Initializing product manager
2024-09-15 09:28:17,957 - core - INFO - Initializing ProductManager: host=[www.daz3d.com], api_root=/dazApi/slab/, base_url=https://www.daz3d.com/dazApi/slab/
2024-09-15 09:28:17,957 - core - INFO - Fetching product data from SKU 81555
2024-09-15 09:30:28,410 - core - DEBUG - This is a debug message
2024-09-15 09:30:28,410 - core - INFO - This is an info message
2024-09-15 09:30:28,411 - core - WARNING - This is a warning message
2024-09-15 09:30:28,411 - core - ERROR - This is an error message
2024-09-15 09:30:28,411 - core - CRITICAL - This is a critical message
2024-09-15 09:30:28,577 - core - INFO - Initializing ProductManager: host=[www.daz3d.com], api_root=/dazApi/slab/, base_url=https://www.daz3d.com/dazApi/slab/
2024-09-15 09:30:52,996 - core - DEBUG - This is a debug message
2024-09-15 09:30:52,996 - core - INFO - This is an info message
2024-09-15 09:30:52,996 - core - WARNING - This is a warning message
2024-09-15 09:30:52,996 - core - ERROR - This is an error message
2024-09-15 09:30:52,996 - core - CRITICAL - This is a critical message
2024-09-15 09:30:53,160 - core - INFO - Initializing ProductManager: host=[www.daz3d.com], api_root=/dazApi/slab/, base_url=https://www.daz3d.com/dazApi/slab/
2024-09-15 09:30:53,321 - core - INFO - Retrieved product data for SKU 81555
2024-09-15 10:37:43,829 - core - DEBUG - This is a debug message
2024-09-15 10:37:43,829 - core - INFO - This is an info message
2024-09-15 10:37:43,829 - core - WARNING - This is a warning message
2024-09-15 10:37:43,829 - core - ERROR - This is an error message
2024-09-15 10:37:43,829 - core - CRITICAL - This is a critical message
2024-09-15 10:37:44,009 - core - INFO - Initializing ProductManager: host=[www.daz3d.com], api_root=/dazApi/slab/, base_url=https://www.daz3d.com/dazApi/slab/
2024-09-15 10:37:44,290 - core - INFO - Retrieved product data for SKU 81555
2024-09-15 10:46:37,579 - core - DEBUG - This is a debug message
2024-09-15 10:46:37,580 - core - INFO - This is an info message
2024-09-15 10:46:37,580 - core - WARNING - This is a warning message
2024-09-15 10:46:37,580 - core - ERROR - This is an error message
2024-09-15 10:46:37,580 - core - CRITICAL - This is a critical message
2024-09-15 10:46:53,588 - core - DEBUG - This is a debug message
2024-09-15 10:46:53,589 - core - INFO - This is an info message
2024-09-15 10:46:53,589 - core - WARNING - This is a warning message
2024-09-15 10:46:53,589 - core - ERROR - This is an error message
2024-09-15 10:46:53,589 - core - CRITICAL - This is a critical message
2024-09-15 10:46:53,589 - core - INFO - StudioBridge: Init: XARGS=['C:/Program Files/DAZ 3D/DAZStudio4/DAZStudio.exe', '', '', '-cleanOnLaunch', '0', '', '', None]
2024-09-15 10:47:23,226 - core - DEBUG - This is a debug message
2024-09-15 10:47:23,226 - core - INFO - This is an info message
2024-09-15 10:47:23,226 - core - WARNING - This is a warning message
2024-09-15 10:47:23,226 - core - ERROR - This is an error message
2024-09-15 10:47:23,226 - core - CRITICAL - This is a critical message
2024-09-15 10:47:23,227 - core - INFO - StudioBridge: Init: XARGS=['C:/Program Files/DAZ 3D/DAZStudio4/DAZStudio.exe', '', '', '-cleanOnLaunch', '0', '', '', None]
2024-09-15 10:47:23,227 - core - INFO - StudioBridge: Execute: Call with XARGS=['C:/Program Files/DAZ 3D/DAZStudio4/DAZStudio.exe', '', '', '-cleanOnLaunch', '0', '', '', None, []]
2024-09-15 10:48:44,582 - core - DEBUG - This is a debug message
2024-09-15 10:48:44,582 - core - INFO - This is an info message
2024-09-15 10:48:44,582 - core - WARNING - This is a warning message
2024-09-15 10:48:44,582 - core - ERROR - This is an error message
2024-09-15 10:48:44,582 - core - CRITICAL - This is a critical message
2024-09-15 10:49:06,526 - core - DEBUG - This is a debug message
2024-09-15 10:49:06,526 - core - INFO - This is an info message
2024-09-15 10:49:06,526 - core - WARNING - This is a warning message
2024-09-15 10:49:06,526 - core - ERROR - This is an error message
2024-09-15 10:49:06,526 - core - CRITICAL - This is a critical message
2024-09-15 10:49:06,527 - core - INFO - StudioBridge: Init: XARGS=['C:/Program Files/DAZ 3D/DAZStudio4/DAZStudio.exe', '', '', '-cleanOnLaunch', '0', '', '', 'X:/working/content_viewer2/DB_List_Products.dsa']
2024-09-15 10:49:06,527 - core - INFO - StudioBridge: Execute: Call with XARGS=['C:/Program Files/DAZ 3D/DAZStudio4/DAZStudio.exe', '', '', '-cleanOnLaunch', '0', '', '', 'X:/working/content_viewer2/DB_List_Products.dsa']
2024-09-15 10:49:56,883 - core - DEBUG - This is a debug message
2024-09-15 10:49:56,883 - core - INFO - This is an info message
2024-09-15 10:49:56,884 - core - WARNING - This is a warning message
2024-09-15 10:49:56,884 - core - ERROR - This is an error message
2024-09-15 10:49:56,884 - core - CRITICAL - This is a critical message
2024-09-15 10:49:56,885 - core - INFO - StudioBridge: Init: XARGS=['C:/Program Files/DAZ 3D/DAZStudio4/DAZStudio.exe', '', '', '-cleanOnLaunch', '0', '-instanceName', '50001', 'X:/working/content_viewer2/DB_List_Products.dsa']
2024-09-15 10:49:56,885 - core - INFO - StudioBridge: Execute: Call with XARGS=['C:/Program Files/DAZ 3D/DAZStudio4/DAZStudio.exe', '', '', '-cleanOnLaunch', '0', '-instanceName', '50001', 'X:/working/content_viewer2/DB_List_Products.dsa']
2024-09-15 10:50:18,478 - core - DEBUG - This is a debug message
2024-09-15 10:50:18,479 - core - INFO - This is an info message
2024-09-15 10:50:18,479 - core - WARNING - This is a warning message
2024-09-15 10:50:18,479 - core - ERROR - This is an error message
2024-09-15 10:50:18,479 - core - CRITICAL - This is a critical message
2024-09-15 10:50:18,479 - core - INFO - StudioBridge: Init: XARGS=['C:/Program Files/DAZ 3D/DAZStudio4/DAZStudio.exe', '', '', '-cleanOnLaunch', '0', '-instanceName', '50001', 'X:/working/content_viewer2/DB_List_Products.dsa']
2024-09-15 10:50:18,479 - core - INFO - StudioBridge: Execute: Call with XARGS=['C:/Program Files/DAZ 3D/DAZStudio4/DAZStudio.exe', '', '', '-cleanOnLaunch', '0', '-instanceName', '50001', 'X:/working/content_viewer2/DB_List_Products.dsa']
